<?xml version="1.0" encoding="UTF-8"?>
<robot generator="Robot 4.1.1 (Python 3.9.7 on win32)" generated="20211005 22:43:53.119" rpa="false" schemaversion="2">
<suite id="s1" name="TesteLogin" source="c:\Users\Luiza\OneDrive\Documentos\ESTUDOS\ROBOTFRAMEWORK\SuiteSiteTestPractice\tests\TesteLogin.robot">
<test id="s1-t1" name="Caso de Teste 01: Realizar login">
<kw name="Abrir chrome" library="Resource" type="SETUP">
<kw name="Open Browser" library="SeleniumLibrary">
<arg>about:blank</arg>
<arg>${BROWSER}</arg>
<doc>Opens a new browser instance to the optional ``url``.</doc>
<msg timestamp="20211005 22:43:53.940" level="INFO">Opening browser 'chrome' to base url 'about:blank'.</msg>
<status status="PASS" starttime="20211005 22:43:53.936" endtime="20211005 22:43:55.350"/>
</kw>
<kw name="Sleep" library="BuiltIn">
<arg>2s</arg>
<doc>Pauses the test executed for the given time.</doc>
<msg timestamp="20211005 22:43:57.361" level="INFO">Slept 2 seconds</msg>
<status status="PASS" starttime="20211005 22:43:55.351" endtime="20211005 22:43:57.362"/>
</kw>
<status status="PASS" starttime="20211005 22:43:53.931" endtime="20211005 22:43:57.365"/>
</kw>
<kw name="Dado que acesso a página de login" library="Resource">
<kw name="Go To" library="SeleniumLibrary">
<arg>${URL}</arg>
<doc>Navigates the current browser window to the provided ``url``.</doc>
<msg timestamp="20211005 22:43:57.372" level="INFO">Opening url 'https://training-wheels-protocol.herokuapp.com/login'</msg>
<status status="PASS" starttime="20211005 22:43:57.370" endtime="20211005 22:44:00.211"/>
</kw>
<kw name="Maximize Browser Window" library="SeleniumLibrary">
<doc>Maximizes current browser window.</doc>
<status status="PASS" starttime="20211005 22:44:00.213" endtime="20211005 22:44:00.342"/>
</kw>
<kw name="Sleep" library="BuiltIn">
<arg>3s</arg>
<doc>Pauses the test executed for the given time.</doc>
<msg timestamp="20211005 22:44:03.346" level="INFO">Slept 3 seconds</msg>
<status status="PASS" starttime="20211005 22:44:00.343" endtime="20211005 22:44:03.346"/>
</kw>
<kw name="Page Should Contain Element" library="SeleniumLibrary">
<arg>xpath://h2[('Formulário de Login')]</arg>
<doc>Verifies that element ``locator`` is found on the current page.</doc>
<msg timestamp="20211005 22:44:03.362" level="INFO">Current page contains element 'xpath://h2[('Formulário de Login')]'.</msg>
<status status="PASS" starttime="20211005 22:44:03.346" endtime="20211005 22:44:03.362"/>
</kw>
<status status="PASS" starttime="20211005 22:43:57.366" endtime="20211005 22:44:03.362"/>
</kw>
<kw name="Quando submeto meu &quot;${LOGIN}&quot;" library="Resource" sourcename="Quando submeto meu &quot;${LOGIN}&quot;">
<kw name="Input Text" library="SeleniumLibrary">
<arg>id=userId</arg>
<arg>${LOGIN}</arg>
<doc>Types the given ``text`` into the text field identified by ``locator``.</doc>
<msg timestamp="20211005 22:44:03.362" level="INFO">Typing text 'stark' into text field 'id=userId'.</msg>
<status status="PASS" starttime="20211005 22:44:03.362" endtime="20211005 22:44:03.448"/>
</kw>
<status status="PASS" starttime="20211005 22:44:03.362" endtime="20211005 22:44:03.450"/>
</kw>
<kw name="E submeto minha &quot;${PASSWORD}&quot;" library="Resource" sourcename="E submeto minha &quot;${PASSWORD}&quot;">
<kw name="Input Password" library="SeleniumLibrary">
<arg>id=passId</arg>
<arg>${PASSWORD}</arg>
<doc>Types the given password into the text field identified by ``locator``.</doc>
<msg timestamp="20211005 22:44:03.455" level="INFO">Typing password into text field 'id=passId'.</msg>
<msg timestamp="20211005 22:44:03.490" level="INFO">Temporally setting log level to: NONE</msg>
<msg timestamp="20211005 22:44:03.524" level="INFO">Log level changed from NONE to INFO.</msg>
<status status="PASS" starttime="20211005 22:44:03.453" endtime="20211005 22:44:03.525"/>
</kw>
<status status="PASS" starttime="20211005 22:44:03.451" endtime="20211005 22:44:03.526"/>
</kw>
<kw name="Então devo ser direcionado para área logada" library="Resource">
<kw name="Click Element" library="SeleniumLibrary">
<arg>xpath=//i[contains(@class,'fa fa-2x fa-sign-in')]</arg>
<doc>Click the element identified by ``locator``.</doc>
<msg timestamp="20211005 22:44:03.529" level="INFO">Clicking element 'xpath=//i[contains(@class,'fa fa-2x fa-sign-in')]'.</msg>
<status status="PASS" starttime="20211005 22:44:03.528" endtime="20211005 22:44:04.628"/>
</kw>
<kw name="Page Should Contain Element" library="SeleniumLibrary">
<arg>xpath=//div[contains(@class,'flash success')]</arg>
<doc>Verifies that element ``locator`` is found on the current page.</doc>
<msg timestamp="20211005 22:44:04.688" level="INFO">Current page contains element 'xpath=//div[contains(@class,'flash success')]'.</msg>
<status status="PASS" starttime="20211005 22:44:04.630" endtime="20211005 22:44:04.689"/>
</kw>
<kw name="Sleep" library="BuiltIn">
<arg>5s</arg>
<doc>Pauses the test executed for the given time.</doc>
<msg timestamp="20211005 22:44:09.704" level="INFO">Slept 5 seconds</msg>
<status status="PASS" starttime="20211005 22:44:04.690" endtime="20211005 22:44:09.704"/>
</kw>
<status status="PASS" starttime="20211005 22:44:03.526" endtime="20211005 22:44:09.704"/>
</kw>
<kw name="Fechar chrome" library="Resource" type="TEARDOWN">
<kw name="Close Browser" library="SeleniumLibrary">
<doc>Closes the current browser.</doc>
<status status="PASS" starttime="20211005 22:44:09.704" endtime="20211005 22:44:11.951"/>
</kw>
<status status="PASS" starttime="20211005 22:44:09.704" endtime="20211005 22:44:11.953"/>
</kw>
<status status="PASS" starttime="20211005 22:43:53.925" endtime="20211005 22:44:11.953"/>
</test>
<test id="s1-t2" name="Caso de Teste 02: Usuário não cadastrado">
<kw name="Abrir chrome" library="Resource" type="SETUP">
<kw name="Open Browser" library="SeleniumLibrary">
<arg>about:blank</arg>
<arg>${BROWSER}</arg>
<doc>Opens a new browser instance to the optional ``url``.</doc>
<msg timestamp="20211005 22:44:11.962" level="INFO">Opening browser 'chrome' to base url 'about:blank'.</msg>
<status status="PASS" starttime="20211005 22:44:11.961" endtime="20211005 22:44:13.182"/>
</kw>
<kw name="Sleep" library="BuiltIn">
<arg>2s</arg>
<doc>Pauses the test executed for the given time.</doc>
<msg timestamp="20211005 22:44:15.195" level="INFO">Slept 2 seconds</msg>
<status status="PASS" starttime="20211005 22:44:13.184" endtime="20211005 22:44:15.195"/>
</kw>
<status status="PASS" starttime="20211005 22:44:11.959" endtime="20211005 22:44:15.195"/>
</kw>
<kw name="Dado que acesso a página de login" library="Resource">
<kw name="Go To" library="SeleniumLibrary">
<arg>${URL}</arg>
<doc>Navigates the current browser window to the provided ``url``.</doc>
<msg timestamp="20211005 22:44:15.195" level="INFO">Opening url 'https://training-wheels-protocol.herokuapp.com/login'</msg>
<status status="PASS" starttime="20211005 22:44:15.195" endtime="20211005 22:44:24.790"/>
</kw>
<kw name="Maximize Browser Window" library="SeleniumLibrary">
<doc>Maximizes current browser window.</doc>
<status status="PASS" starttime="20211005 22:44:24.791" endtime="20211005 22:44:24.909"/>
</kw>
<kw name="Sleep" library="BuiltIn">
<arg>3s</arg>
<doc>Pauses the test executed for the given time.</doc>
<msg timestamp="20211005 22:44:27.922" level="INFO">Slept 3 seconds</msg>
<status status="PASS" starttime="20211005 22:44:24.910" endtime="20211005 22:44:27.922"/>
</kw>
<kw name="Page Should Contain Element" library="SeleniumLibrary">
<arg>xpath://h2[('Formulário de Login')]</arg>
<doc>Verifies that element ``locator`` is found on the current page.</doc>
<msg timestamp="20211005 22:44:27.938" level="INFO">Current page contains element 'xpath://h2[('Formulário de Login')]'.</msg>
<status status="PASS" starttime="20211005 22:44:27.922" endtime="20211005 22:44:27.938"/>
</kw>
<status status="PASS" starttime="20211005 22:44:15.195" endtime="20211005 22:44:27.938"/>
</kw>
<kw name="Quando submeto meu &quot;${NOMEFAKE}&quot;" library="Resource" sourcename="Quando submeto meu &quot;${LOGIN}&quot;">
<kw name="Input Text" library="SeleniumLibrary">
<arg>id=userId</arg>
<arg>${LOGIN}</arg>
<doc>Types the given ``text`` into the text field identified by ``locator``.</doc>
<msg timestamp="20211005 22:44:27.938" level="INFO">Typing text 'Luiz' into text field 'id=userId'.</msg>
<status status="PASS" starttime="20211005 22:44:27.938" endtime="20211005 22:44:28.021"/>
</kw>
<status status="PASS" starttime="20211005 22:44:27.938" endtime="20211005 22:44:28.022"/>
</kw>
<kw name="E submeto minha &quot;${PASSWORDFAKE}&quot;" library="Resource" sourcename="E submeto minha &quot;${PASSWORD}&quot;">
<kw name="Input Password" library="SeleniumLibrary">
<arg>id=passId</arg>
<arg>${PASSWORD}</arg>
<doc>Types the given password into the text field identified by ``locator``.</doc>
<msg timestamp="20211005 22:44:28.028" level="INFO">Typing password into text field 'id=passId'.</msg>
<msg timestamp="20211005 22:44:28.064" level="INFO">Temporally setting log level to: NONE</msg>
<msg timestamp="20211005 22:44:28.098" level="INFO">Log level changed from NONE to INFO.</msg>
<status status="PASS" starttime="20211005 22:44:28.026" endtime="20211005 22:44:28.098"/>
</kw>
<status status="PASS" starttime="20211005 22:44:28.023" endtime="20211005 22:44:28.100"/>
</kw>
<kw name="Então devo receber um alerta: &quot;O usuário informado não está cadastrado!&quot;" library="Resource">
<kw name="Click Element" library="SeleniumLibrary">
<arg>xpath=//i[contains(@class,'fa fa-2x fa-sign-in')]</arg>
<doc>Click the element identified by ``locator``.</doc>
<msg timestamp="20211005 22:44:28.104" level="INFO">Clicking element 'xpath=//i[contains(@class,'fa fa-2x fa-sign-in')]'.</msg>
<status status="PASS" starttime="20211005 22:44:28.103" endtime="20211005 22:44:28.761"/>
</kw>
<kw name="Page Should Contain Element" library="SeleniumLibrary">
<arg>xpath=//div[contains(@class,"flash error")]</arg>
<doc>Verifies that element ``locator`` is found on the current page.</doc>
<msg timestamp="20211005 22:44:28.812" level="INFO">Current page contains element 'xpath=//div[contains(@class,"flash error")]'.</msg>
<status status="PASS" starttime="20211005 22:44:28.762" endtime="20211005 22:44:28.812"/>
</kw>
<status status="PASS" starttime="20211005 22:44:28.101" endtime="20211005 22:44:28.813"/>
</kw>
<kw name="Fechar chrome" library="Resource" type="TEARDOWN">
<kw name="Close Browser" library="SeleniumLibrary">
<doc>Closes the current browser.</doc>
<status status="PASS" starttime="20211005 22:44:28.817" endtime="20211005 22:44:31.013"/>
</kw>
<status status="PASS" starttime="20211005 22:44:28.815" endtime="20211005 22:44:31.013"/>
</kw>
<status status="PASS" starttime="20211005 22:44:11.956" endtime="20211005 22:44:31.013"/>
</test>
<test id="s1-t3" name="Caso de Teste 03: Senha inválida!">
<kw name="Abrir chrome" library="Resource" type="SETUP">
<kw name="Open Browser" library="SeleniumLibrary">
<arg>about:blank</arg>
<arg>${BROWSER}</arg>
<doc>Opens a new browser instance to the optional ``url``.</doc>
<msg timestamp="20211005 22:44:31.021" level="INFO">Opening browser 'chrome' to base url 'about:blank'.</msg>
<status status="PASS" starttime="20211005 22:44:31.021" endtime="20211005 22:44:32.253"/>
</kw>
<kw name="Sleep" library="BuiltIn">
<arg>2s</arg>
<doc>Pauses the test executed for the given time.</doc>
<msg timestamp="20211005 22:44:34.260" level="INFO">Slept 2 seconds</msg>
<status status="PASS" starttime="20211005 22:44:32.254" endtime="20211005 22:44:34.260"/>
</kw>
<status status="PASS" starttime="20211005 22:44:31.021" endtime="20211005 22:44:34.260"/>
</kw>
<kw name="Dado que acesso a página de login" library="Resource">
<kw name="Go To" library="SeleniumLibrary">
<arg>${URL}</arg>
<doc>Navigates the current browser window to the provided ``url``.</doc>
<msg timestamp="20211005 22:44:34.260" level="INFO">Opening url 'https://training-wheels-protocol.herokuapp.com/login'</msg>
<status status="PASS" starttime="20211005 22:44:34.260" endtime="20211005 22:44:39.670"/>
</kw>
<kw name="Maximize Browser Window" library="SeleniumLibrary">
<doc>Maximizes current browser window.</doc>
<status status="PASS" starttime="20211005 22:44:39.670" endtime="20211005 22:44:39.797"/>
</kw>
<kw name="Sleep" library="BuiltIn">
<arg>3s</arg>
<doc>Pauses the test executed for the given time.</doc>
<msg timestamp="20211005 22:44:42.804" level="INFO">Slept 3 seconds</msg>
<status status="PASS" starttime="20211005 22:44:39.797" endtime="20211005 22:44:42.804"/>
</kw>
<kw name="Page Should Contain Element" library="SeleniumLibrary">
<arg>xpath://h2[('Formulário de Login')]</arg>
<doc>Verifies that element ``locator`` is found on the current page.</doc>
<msg timestamp="20211005 22:44:42.820" level="INFO">Current page contains element 'xpath://h2[('Formulário de Login')]'.</msg>
<status status="PASS" starttime="20211005 22:44:42.804" endtime="20211005 22:44:42.820"/>
</kw>
<status status="PASS" starttime="20211005 22:44:34.260" endtime="20211005 22:44:42.820"/>
</kw>
<kw name="Quando submeto meu &quot;${LOGIN}&quot;" library="Resource" sourcename="Quando submeto meu &quot;${LOGIN}&quot;">
<kw name="Input Text" library="SeleniumLibrary">
<arg>id=userId</arg>
<arg>${LOGIN}</arg>
<doc>Types the given ``text`` into the text field identified by ``locator``.</doc>
<msg timestamp="20211005 22:44:42.820" level="INFO">Typing text 'stark' into text field 'id=userId'.</msg>
<status status="PASS" starttime="20211005 22:44:42.820" endtime="20211005 22:44:42.906"/>
</kw>
<status status="PASS" starttime="20211005 22:44:42.820" endtime="20211005 22:44:42.907"/>
</kw>
<kw name="E submeto minha &quot;${PASSWORDFAKE}&quot;" library="Resource" sourcename="E submeto minha &quot;${PASSWORD}&quot;">
<kw name="Input Password" library="SeleniumLibrary">
<arg>id=passId</arg>
<arg>${PASSWORD}</arg>
<doc>Types the given password into the text field identified by ``locator``.</doc>
<msg timestamp="20211005 22:44:42.912" level="INFO">Typing password into text field 'id=passId'.</msg>
<msg timestamp="20211005 22:44:42.948" level="INFO">Temporally setting log level to: NONE</msg>
<msg timestamp="20211005 22:44:42.982" level="INFO">Log level changed from NONE to INFO.</msg>
<status status="PASS" starttime="20211005 22:44:42.910" endtime="20211005 22:44:42.982"/>
</kw>
<status status="PASS" starttime="20211005 22:44:42.908" endtime="20211005 22:44:42.984"/>
</kw>
<kw name="Então devo receber um alerta: &quot;Senha é invalida!&quot;" library="Resource">
<kw name="Click Element" library="SeleniumLibrary">
<arg>xpath=//i[contains(@class,'fa fa-2x fa-sign-in')]</arg>
<doc>Click the element identified by ``locator``.</doc>
<msg timestamp="20211005 22:44:42.988" level="INFO">Clicking element 'xpath=//i[contains(@class,'fa fa-2x fa-sign-in')]'.</msg>
<status status="PASS" starttime="20211005 22:44:42.986" endtime="20211005 22:44:43.445"/>
</kw>
<kw name="Page Should Contain Element" library="SeleniumLibrary">
<arg>xpath=//div[contains(@class,'flash error')]</arg>
<doc>Verifies that element ``locator`` is found on the current page.</doc>
<msg timestamp="20211005 22:44:43.459" level="INFO">Current page contains element 'xpath=//div[contains(@class,'flash error')]'.</msg>
<status status="PASS" starttime="20211005 22:44:43.446" endtime="20211005 22:44:43.460"/>
</kw>
<status status="PASS" starttime="20211005 22:44:42.985" endtime="20211005 22:44:43.461"/>
</kw>
<kw name="Fechar chrome" library="Resource" type="TEARDOWN">
<kw name="Close Browser" library="SeleniumLibrary">
<doc>Closes the current browser.</doc>
<status status="PASS" starttime="20211005 22:44:43.464" endtime="20211005 22:44:45.676"/>
</kw>
<status status="PASS" starttime="20211005 22:44:43.462" endtime="20211005 22:44:45.678"/>
</kw>
<status status="PASS" starttime="20211005 22:44:31.013" endtime="20211005 22:44:45.679"/>
</test>
<status status="PASS" starttime="20211005 22:43:53.129" endtime="20211005 22:44:45.685"/>
</suite>
<statistics>
<total>
<stat pass="3" fail="0" skip="0">All Tests</stat>
</total>
<tag>
</tag>
<suite>
<stat pass="3" fail="0" skip="0" id="s1" name="TesteLogin">TesteLogin</stat>
</suite>
</statistics>
<errors>
</errors>
</robot>
