<?xml version="1.0" encoding="UTF-8"?>
<robot generator="Robot 4.1.1 (Python 3.9.7 on win32)" generated="20210919 02:07:11.044" rpa="false" schemaversion="2">
<suite id="s1" name="TesteLogin" source="C:\Users\Luiza\OneDrive\Documentos\ESTUDOS\ROBOTFRAMEWORK\SuiteSiteTestPractice\tests\TesteLogin.robot">
<test id="s1-t1" name="Caso de Teste 01: Realizar login">
<kw name="Abrir chrome" library="Resource" type="SETUP">
<kw name="Open Browser" library="SeleniumLibrary">
<arg>about:blank</arg>
<arg>${BROWSER}</arg>
<doc>Opens a new browser instance to the optional ``url``.</doc>
<msg timestamp="20210919 02:07:11.298" level="INFO">Opening browser 'chrome' to base url 'about:blank'.</msg>
<status status="PASS" starttime="20210919 02:07:11.297" endtime="20210919 02:07:13.285"/>
</kw>
<kw name="Sleep" library="BuiltIn">
<arg>5s</arg>
<doc>Pauses the test executed for the given time.</doc>
<msg timestamp="20210919 02:07:18.291" level="INFO">Slept 5 seconds</msg>
<status status="PASS" starttime="20210919 02:07:13.285" endtime="20210919 02:07:18.291"/>
</kw>
<status status="PASS" starttime="20210919 02:07:11.297" endtime="20210919 02:07:18.291"/>
</kw>
<kw name="Dado que acesso a página de login" library="Resource">
<kw name="Go To" library="SeleniumLibrary">
<arg>${URL}</arg>
<doc>Navigates the current browser window to the provided ``url``.</doc>
<msg timestamp="20210919 02:07:18.292" level="INFO">Opening url 'https://training-wheels-protocol.herokuapp.com/login'</msg>
<status status="PASS" starttime="20210919 02:07:18.292" endtime="20210919 02:07:21.896"/>
</kw>
<kw name="Page Should Contain Element" library="SeleniumLibrary">
<arg>xpath=//i[contains(.,'Login')]</arg>
<doc>Verifies that element ``locator`` is found on the current page.</doc>
<msg timestamp="20210919 02:07:21.911" level="INFO">Current page contains element 'xpath=//i[contains(.,'Login')]'.</msg>
<status status="PASS" starttime="20210919 02:07:21.896" endtime="20210919 02:07:21.911"/>
</kw>
<status status="PASS" starttime="20210919 02:07:18.292" endtime="20210919 02:07:21.911"/>
</kw>
<kw name="Quando submeto meu &quot;${LOGIN}&quot;" library="Resource" sourcename="Quando submeto meu &quot;${LOGIN}&quot;">
<kw name="Input Text" library="SeleniumLibrary">
<arg>id=userId</arg>
<arg>${LOGIN}</arg>
<doc>Types the given ``text`` into the text field identified by ``locator``.</doc>
<msg timestamp="20210919 02:07:21.912" level="INFO">Typing text 'spider' into text field 'id=userId'.</msg>
<status status="PASS" starttime="20210919 02:07:21.912" endtime="20210919 02:07:21.999"/>
</kw>
<status status="PASS" starttime="20210919 02:07:21.911" endtime="20210919 02:07:21.999"/>
</kw>
<kw name="E submeto minha &quot;${PASSWORD}&quot;" library="Resource" sourcename="E submeto minha &quot;${PASSWORD}&quot;">
<kw name="Input Password" library="SeleniumLibrary">
<arg>id=passId</arg>
<arg>${PASSWORD}</arg>
<doc>Types the given password into the text field identified by ``locator``.</doc>
<msg timestamp="20210919 02:07:22.000" level="INFO">Typing password into text field 'id=passId'.</msg>
<msg timestamp="20210919 02:07:22.039" level="INFO">Temporally setting log level to: NONE</msg>
<msg timestamp="20210919 02:07:22.071" level="INFO">Log level changed from NONE to INFO.</msg>
<status status="PASS" starttime="20210919 02:07:22.000" endtime="20210919 02:07:22.072"/>
</kw>
<status status="PASS" starttime="20210919 02:07:21.999" endtime="20210919 02:07:22.072"/>
</kw>
<kw name="Então devo ser direcionado para área logada" library="Resource">
<kw name="Click Element" library="SeleniumLibrary">
<arg>xpath=//i[contains(@class,'fa fa-2x fa-sign-in')]</arg>
<doc>Click the element identified by ``locator``.</doc>
<msg timestamp="20210919 02:07:22.073" level="INFO">Clicking element 'xpath=//i[contains(@class,'fa fa-2x fa-sign-in')]'.</msg>
<status status="PASS" starttime="20210919 02:07:22.073" endtime="20210919 02:07:22.800"/>
</kw>
<kw name="Page Should Contain Element" library="SeleniumLibrary">
<arg>xpath=//div[contains(@class,'flash success')]</arg>
<doc>Verifies that element ``locator`` is found on the current page.</doc>
<kw name="Capture Page Screenshot" library="SeleniumLibrary">
<doc>Takes a screenshot of the current page and embeds it into a log file.</doc>
<msg timestamp="20210919 02:07:22.945" level="INFO" html="true">&lt;/td&gt;&lt;/tr&gt;&lt;tr&gt;&lt;td colspan="3"&gt;&lt;a href="selenium-screenshot-1.png"&gt;&lt;img src="selenium-screenshot-1.png" width="800px"&gt;&lt;/a&gt;</msg>
<status status="PASS" starttime="20210919 02:07:22.813" endtime="20210919 02:07:22.945"/>
</kw>
<msg timestamp="20210919 02:07:23.150" level="FAIL">Page should have contained element 'xpath=//div[contains(@class,'flash success')]' but did not.</msg>
<status status="FAIL" starttime="20210919 02:07:22.800" endtime="20210919 02:07:23.150"/>
</kw>
<kw name="Sleep" library="BuiltIn">
<arg>5s</arg>
<doc>Pauses the test executed for the given time.</doc>
<status status="NOT RUN" starttime="20210919 02:07:23.151" endtime="20210919 02:07:23.151"/>
</kw>
<status status="FAIL" starttime="20210919 02:07:22.072" endtime="20210919 02:07:23.151"/>
</kw>
<kw name="Fechar chrome" library="Resource" type="TEARDOWN">
<kw name="Close Browser" library="SeleniumLibrary">
<doc>Closes the current browser.</doc>
<status status="PASS" starttime="20210919 02:07:23.153" endtime="20210919 02:07:25.378"/>
</kw>
<status status="PASS" starttime="20210919 02:07:23.152" endtime="20210919 02:07:25.378"/>
</kw>
<status status="FAIL" starttime="20210919 02:07:11.296" endtime="20210919 02:07:25.379">Page should have contained element 'xpath=//div[contains(@class,'flash success')]' but did not.</status>
</test>
<test id="s1-t2" name="Caso de Teste 02: Usuário não cadastrado">
<kw name="Abrir chrome" library="Resource" type="SETUP">
<kw name="Open Browser" library="SeleniumLibrary">
<arg>about:blank</arg>
<arg>${BROWSER}</arg>
<doc>Opens a new browser instance to the optional ``url``.</doc>
<msg timestamp="20210919 02:07:25.382" level="INFO">Opening browser 'chrome' to base url 'about:blank'.</msg>
<status status="PASS" starttime="20210919 02:07:25.382" endtime="20210919 02:07:26.982"/>
</kw>
<kw name="Sleep" library="BuiltIn">
<arg>5s</arg>
<doc>Pauses the test executed for the given time.</doc>
<msg timestamp="20210919 02:07:31.990" level="INFO">Slept 5 seconds</msg>
<status status="PASS" starttime="20210919 02:07:26.982" endtime="20210919 02:07:31.990"/>
</kw>
<status status="PASS" starttime="20210919 02:07:25.382" endtime="20210919 02:07:31.990"/>
</kw>
<kw name="Dado que acesso a página de login" library="Resource">
<kw name="Go To" library="SeleniumLibrary">
<arg>${URL}</arg>
<doc>Navigates the current browser window to the provided ``url``.</doc>
<msg timestamp="20210919 02:07:31.992" level="INFO">Opening url 'https://training-wheels-protocol.herokuapp.com/login'</msg>
<status status="PASS" starttime="20210919 02:07:31.991" endtime="20210919 02:07:36.323"/>
</kw>
<kw name="Page Should Contain Element" library="SeleniumLibrary">
<arg>xpath=//i[contains(.,'Login')]</arg>
<doc>Verifies that element ``locator`` is found on the current page.</doc>
<msg timestamp="20210919 02:07:36.335" level="INFO">Current page contains element 'xpath=//i[contains(.,'Login')]'.</msg>
<status status="PASS" starttime="20210919 02:07:36.323" endtime="20210919 02:07:36.336"/>
</kw>
<status status="PASS" starttime="20210919 02:07:31.991" endtime="20210919 02:07:36.336"/>
</kw>
<kw name="Quando submeto meu &quot;${NOMEFAKE}&quot;" library="Resource" sourcename="Quando submeto meu &quot;${LOGIN}&quot;">
<kw name="Input Text" library="SeleniumLibrary">
<arg>id=userId</arg>
<arg>${LOGIN}</arg>
<doc>Types the given ``text`` into the text field identified by ``locator``.</doc>
<msg timestamp="20210919 02:07:36.337" level="INFO">Typing text 'luiz' into text field 'id=userId'.</msg>
<status status="PASS" starttime="20210919 02:07:36.337" endtime="20210919 02:07:36.412"/>
</kw>
<status status="PASS" starttime="20210919 02:07:36.336" endtime="20210919 02:07:36.412"/>
</kw>
<kw name="E submeto minha &quot;${PASSWORDFAKE}&quot;" library="Resource" sourcename="E submeto minha &quot;${PASSWORD}&quot;">
<kw name="Input Password" library="SeleniumLibrary">
<arg>id=passId</arg>
<arg>${PASSWORD}</arg>
<doc>Types the given password into the text field identified by ``locator``.</doc>
<msg timestamp="20210919 02:07:36.413" level="INFO">Typing password into text field 'id=passId'.</msg>
<msg timestamp="20210919 02:07:36.457" level="INFO">Temporally setting log level to: NONE</msg>
<msg timestamp="20210919 02:07:36.489" level="INFO">Log level changed from NONE to INFO.</msg>
<status status="PASS" starttime="20210919 02:07:36.413" endtime="20210919 02:07:36.489"/>
</kw>
<status status="PASS" starttime="20210919 02:07:36.412" endtime="20210919 02:07:36.490"/>
</kw>
<kw name="Então devo receber um alerta: &quot;O usuário informado não está cadastrado!&quot;" library="Resource">
<kw name="Click Element" library="SeleniumLibrary">
<arg>xpath=//i[contains(@class,'fa fa-2x fa-sign-in')]</arg>
<doc>Click the element identified by ``locator``.</doc>
<msg timestamp="20210919 02:07:36.491" level="INFO">Clicking element 'xpath=//i[contains(@class,'fa fa-2x fa-sign-in')]'.</msg>
<status status="PASS" starttime="20210919 02:07:36.490" endtime="20210919 02:07:36.963"/>
</kw>
<kw name="Page Should Contain Element" library="SeleniumLibrary">
<arg>xpath=//div[contains(@class,"flash error")]</arg>
<doc>Verifies that element ``locator`` is found on the current page.</doc>
<msg timestamp="20210919 02:07:36.977" level="INFO">Current page contains element 'xpath=//div[contains(@class,"flash error")]'.</msg>
<status status="PASS" starttime="20210919 02:07:36.964" endtime="20210919 02:07:36.977"/>
</kw>
<status status="PASS" starttime="20210919 02:07:36.490" endtime="20210919 02:07:36.978"/>
</kw>
<kw name="Fechar chrome" library="Resource" type="TEARDOWN">
<kw name="Close Browser" library="SeleniumLibrary">
<doc>Closes the current browser.</doc>
<status status="PASS" starttime="20210919 02:07:36.979" endtime="20210919 02:07:39.162"/>
</kw>
<status status="PASS" starttime="20210919 02:07:36.978" endtime="20210919 02:07:39.162"/>
</kw>
<status status="PASS" starttime="20210919 02:07:25.381" endtime="20210919 02:07:39.163"/>
</test>
<test id="s1-t3" name="Caso de Teste 03: Senha inválida!">
<kw name="Abrir chrome" library="Resource" type="SETUP">
<kw name="Open Browser" library="SeleniumLibrary">
<arg>about:blank</arg>
<arg>${BROWSER}</arg>
<doc>Opens a new browser instance to the optional ``url``.</doc>
<msg timestamp="20210919 02:07:39.166" level="INFO">Opening browser 'chrome' to base url 'about:blank'.</msg>
<status status="PASS" starttime="20210919 02:07:39.165" endtime="20210919 02:07:40.752"/>
</kw>
<kw name="Sleep" library="BuiltIn">
<arg>5s</arg>
<doc>Pauses the test executed for the given time.</doc>
<msg timestamp="20210919 02:07:45.753" level="INFO">Slept 5 seconds</msg>
<status status="PASS" starttime="20210919 02:07:40.753" endtime="20210919 02:07:45.753"/>
</kw>
<status status="PASS" starttime="20210919 02:07:39.165" endtime="20210919 02:07:45.753"/>
</kw>
<kw name="Dado que acesso a página de login" library="Resource">
<kw name="Go To" library="SeleniumLibrary">
<arg>${URL}</arg>
<doc>Navigates the current browser window to the provided ``url``.</doc>
<msg timestamp="20210919 02:07:45.754" level="INFO">Opening url 'https://training-wheels-protocol.herokuapp.com/login'</msg>
<status status="PASS" starttime="20210919 02:07:45.754" endtime="20210919 02:07:50.740"/>
</kw>
<kw name="Page Should Contain Element" library="SeleniumLibrary">
<arg>xpath=//i[contains(.,'Login')]</arg>
<doc>Verifies that element ``locator`` is found on the current page.</doc>
<msg timestamp="20210919 02:07:50.754" level="INFO">Current page contains element 'xpath=//i[contains(.,'Login')]'.</msg>
<status status="PASS" starttime="20210919 02:07:50.740" endtime="20210919 02:07:50.754"/>
</kw>
<status status="PASS" starttime="20210919 02:07:45.753" endtime="20210919 02:07:50.754"/>
</kw>
<kw name="Quando submeto meu &quot;${LOGIN}&quot;" library="Resource" sourcename="Quando submeto meu &quot;${LOGIN}&quot;">
<kw name="Input Text" library="SeleniumLibrary">
<arg>id=userId</arg>
<arg>${LOGIN}</arg>
<doc>Types the given ``text`` into the text field identified by ``locator``.</doc>
<msg timestamp="20210919 02:07:50.756" level="INFO">Typing text 'spider' into text field 'id=userId'.</msg>
<status status="PASS" starttime="20210919 02:07:50.755" endtime="20210919 02:07:50.829"/>
</kw>
<status status="PASS" starttime="20210919 02:07:50.755" endtime="20210919 02:07:50.829"/>
</kw>
<kw name="E submeto minha &quot;${PASSWORDFAKE}&quot;" library="Resource" sourcename="E submeto minha &quot;${PASSWORD}&quot;">
<kw name="Input Password" library="SeleniumLibrary">
<arg>id=passId</arg>
<arg>${PASSWORD}</arg>
<doc>Types the given password into the text field identified by ``locator``.</doc>
<msg timestamp="20210919 02:07:50.832" level="INFO">Typing password into text field 'id=passId'.</msg>
<msg timestamp="20210919 02:07:50.873" level="INFO">Temporally setting log level to: NONE</msg>
<msg timestamp="20210919 02:07:50.908" level="INFO">Log level changed from NONE to INFO.</msg>
<status status="PASS" starttime="20210919 02:07:50.831" endtime="20210919 02:07:50.908"/>
</kw>
<status status="PASS" starttime="20210919 02:07:50.830" endtime="20210919 02:07:50.908"/>
</kw>
<kw name="Então devo receber um alerta: &quot;Senha é invalida!&quot;" library="Resource">
<kw name="Click Element" library="SeleniumLibrary">
<arg>xpath=//i[contains(@class,'fa fa-2x fa-sign-in')]</arg>
<doc>Click the element identified by ``locator``.</doc>
<msg timestamp="20210919 02:07:50.909" level="INFO">Clicking element 'xpath=//i[contains(@class,'fa fa-2x fa-sign-in')]'.</msg>
<status status="PASS" starttime="20210919 02:07:50.909" endtime="20210919 02:07:51.429"/>
</kw>
<kw name="Page Should Contain Element" library="SeleniumLibrary">
<arg>xpath=//div[contains(@class,'flash error')]</arg>
<doc>Verifies that element ``locator`` is found on the current page.</doc>
<msg timestamp="20210919 02:07:51.489" level="INFO">Current page contains element 'xpath=//div[contains(@class,'flash error')]'.</msg>
<status status="PASS" starttime="20210919 02:07:51.429" endtime="20210919 02:07:51.489"/>
</kw>
<status status="PASS" starttime="20210919 02:07:50.908" endtime="20210919 02:07:51.489"/>
</kw>
<kw name="Fechar chrome" library="Resource" type="TEARDOWN">
<kw name="Close Browser" library="SeleniumLibrary">
<doc>Closes the current browser.</doc>
<status status="PASS" starttime="20210919 02:07:51.490" endtime="20210919 02:07:53.709"/>
</kw>
<status status="PASS" starttime="20210919 02:07:51.490" endtime="20210919 02:07:53.710"/>
</kw>
<status status="PASS" starttime="20210919 02:07:39.164" endtime="20210919 02:07:53.710"/>
</test>
<status status="FAIL" starttime="20210919 02:07:11.046" endtime="20210919 02:07:53.712"/>
</suite>
<statistics>
<total>
<stat pass="2" fail="1" skip="0">All Tests</stat>
</total>
<tag>
</tag>
<suite>
<stat pass="2" fail="1" skip="0" id="s1" name="TesteLogin">TesteLogin</stat>
</suite>
</statistics>
<errors>
</errors>
</robot>
